#
# There is insufficient memory for the Java Runtime Environment to continue.
# Native memory allocation (mmap) failed to map 608174080 bytes. Error detail: G1 virtual space
# Possible reasons:
#   The system is out of physical RAM or swap space
#   This process is running with CompressedOops enabled, and the Java Heap may be blocking the growth of the native heap
# Possible solutions:
#   Reduce memory load on the system
#   Increase physical memory or swap space
#   Check if swap backing store is full
#   Decrease Java heap size (-Xmx/-Xms)
#   Decrease number of Java threads
#   Decrease Java thread stack sizes (-Xss)
#   Set larger code cache with -XX:ReservedCodeCacheSize=
#   JVM is running with Zero Based Compressed Oops mode in which the Java heap is
#     placed in the first 32GB address space. The Java Heap base address is the
#     maximum limit for the native heap growth. Please use -XX:HeapBaseMinAddress
#     to set the Java Heap base and to place the Java Heap above 32GB virtual address.
# This output file may be truncated or incomplete.
#
#  Out of Memory Error (os_windows.cpp:3631), pid=52076, tid=27592
#
# JRE version: OpenJDK Runtime Environment Corretto-22.0.2.9.1 (22.0.2+9) (build 22.0.2+9-FR)
# Java VM: OpenJDK 64-Bit Server VM Corretto-22.0.2.9.1 (22.0.2+9-FR, mixed mode, sharing, tiered, compressed oops, compressed class ptrs, g1 gc, windows-amd64)
# No core dump will be written. Minidumps are not enabled by default on client versions of Windows
#

---------------  S U M M A R Y ------------

Command Line: -javaagent:C:\Users\kavin\AppData\Local\JetBrains\IntelliJIdea2025.1\captureAgent\debugger-agent.jar=file:///C:/Users/kavin/AppData/Local/Temp/capture11834214215373640142.props -ea -Didea.test.cyclic.buffer.size=1048576 -javaagent:C:\Program Files\JetBrains\IntelliJ IDEA 2025.1\lib\idea_rt.jar=60006 -Dkotlinx.coroutines.debug.enable.creation.stack.trace=false -Ddebugger.agent.enable.coroutines=true -Dkotlinx.coroutines.debug.enable.flows.stack.trace=true -Dkotlinx.coroutines.debug.enable.mutable.state.flows.stack.trace=true -Dfile.encoding=UTF-8 -Dsun.stdout.encoding=UTF-8 -Dsun.stderr.encoding=UTF-8 com.intellij.rt.junit.JUnitStarter -ideVersion5 -junit5 org.kavinshah.StringCalculatorTest

Host: 13th Gen Intel(R) Core(TM) i7-1360P, 16 cores, 15G,  Windows 11 , 64 bit Build 26100 (10.0.26100.4202)
Time: Sat Jul  5 17:33:23 2025 India Standard Time elapsed time: 1.504690 seconds (0d 0h 0m 1s)

---------------  T H R E A D  ---------------

Current thread (0x0000028372f5b550):  VMThread "VM Thread"          [id=27592, stack(0x000000bb3fa00000,0x000000bb3fb00000) (1024K)]

Stack: [0x000000bb3fa00000,0x000000bb3fb00000]
Native frames: (J=compiled Java code, j=interpreted, Vv=VM code, C=native code)
V  [jvm.dll+0x6f7bb9]  (no source info available)
V  [jvm.dll+0x8dc245]  (no source info available)
V  [jvm.dll+0x8de4ae]  (no source info available)
V  [jvm.dll+0x8deb93]  (no source info available)
V  [jvm.dll+0x28d336]  (no source info available)
V  [jvm.dll+0x6f4295]  (no source info available)
V  [jvm.dll+0x6e899a]  (no source info available)
V  [jvm.dll+0x369e6b]  (no source info available)
V  [jvm.dll+0x372386]  (no source info available)
V  [jvm.dll+0x3c4bf6]  (no source info available)
V  [jvm.dll+0x3c4ec8]  (no source info available)
V  [jvm.dll+0x33c86c]  (no source info available)
V  [jvm.dll+0x33c8f7]  (no source info available)
V  [jvm.dll+0x3831bb]  (no source info available)
V  [jvm.dll+0x3817c6]  (no source info available)
V  [jvm.dll+0x33bee7]  (no source info available)
V  [jvm.dll+0x380f74]  (no source info available)
V  [jvm.dll+0x8e47e8]  (no source info available)
V  [jvm.dll+0x8e5b67]  (no source info available)
V  [jvm.dll+0x8e60e0]  (no source info available)
V  [jvm.dll+0x8e6373]  (no source info available)
V  [jvm.dll+0x883778]  (no source info available)
V  [jvm.dll+0x6f63c5]  (no source info available)
C  [ucrtbase.dll+0x37b0]  (no source info available)
C  [KERNEL32.DLL+0x2e8d7]  (no source info available)
C  [ntdll.dll+0x3c34c]  (no source info available)

VM_Operation (0x000000bb3f3fc410): G1CollectForAllocation, mode: safepoint, requested by thread 0x000002835177a340


---------------  P R O C E S S  ---------------

Threads class SMR info:
_java_thread_list=0x0000028346462270, length=20, elements={
0x000002835177a340, 0x000002834512a0c0, 0x000002834512a730, 0x000002834512edb0,
0x000002834512f420, 0x0000028345137410, 0x0000028345140a10, 0x00000283451448b0,
0x00000283451469a0, 0x000002834524eaf0, 0x0000028345276850, 0x0000028345297230,
0x0000028345297bf0, 0x000002834524f810, 0x0000028345250530, 0x0000028345251250,
0x0000028345eb0700, 0x0000028345eb1420, 0x0000028345eaf9e0, 0x0000028345eadfa0
}

Java Threads: ( => current thread )
  0x000002835177a340 JavaThread "main"                              [_thread_blocked, id=40084, stack(0x000000bb3f300000,0x000000bb3f400000) (1024K)]
  0x000002834512a0c0 JavaThread "Reference Handler"          daemon [_thread_blocked, id=56496, stack(0x000000bb3fb00000,0x000000bb3fc00000) (1024K)]
  0x000002834512a730 JavaThread "Finalizer"                  daemon [_thread_blocked, id=44764, stack(0x000000bb3fc00000,0x000000bb3fd00000) (1024K)]
  0x000002834512edb0 JavaThread "Signal Dispatcher"          daemon [_thread_blocked, id=19872, stack(0x000000bb3fd00000,0x000000bb3fe00000) (1024K)]
  0x000002834512f420 JavaThread "Attach Listener"            daemon [_thread_blocked, id=64024, stack(0x000000bb3fe00000,0x000000bb3ff00000) (1024K)]
  0x0000028345137410 JavaThread "Service Thread"             daemon [_thread_blocked, id=3956, stack(0x000000bb3ff00000,0x000000bb40000000) (1024K)]
  0x0000028345140a10 JavaThread "Monitor Deflation Thread"   daemon [_thread_blocked, id=32644, stack(0x000000bb40000000,0x000000bb40100000) (1024K)]
  0x00000283451448b0 JavaThread "C2 CompilerThread0"         daemon [_thread_blocked, id=54976, stack(0x000000bb40100000,0x000000bb40200000) (1024K)]
  0x00000283451469a0 JavaThread "C1 CompilerThread0"         daemon [_thread_blocked, id=36616, stack(0x000000bb40200000,0x000000bb40300000) (1024K)]
  0x000002834524eaf0 JavaThread "Common-Cleaner"             daemon [_thread_blocked, id=38184, stack(0x000000bb40300000,0x000000bb40400000) (1024K)]
  0x0000028345276850 JavaThread "C1 CompilerThread1"         daemon [_thread_blocked, id=52288, stack(0x000000bb40400000,0x000000bb40500000) (1024K)]
  0x0000028345297230 JavaThread "C1 CompilerThread2"         daemon [_thread_blocked, id=52532, stack(0x000000bb40500000,0x000000bb40600000) (1024K)]
  0x0000028345297bf0 JavaThread "C1 CompilerThread3"         daemon [_thread_blocked, id=31120, stack(0x000000bb40600000,0x000000bb40700000) (1024K)]
  0x000002834524f810 JavaThread "IntelliJ Suspend Helper"    daemon [_thread_blocked, id=25004, stack(0x000000bb40900000,0x000000bb40a00000) (1024K)]
  0x0000028345250530 JavaThread "Monitor Ctrl-Break"         daemon [_thread_in_native, id=9784, stack(0x000000bb40a00000,0x000000bb40b00000) (1024K)]
  0x0000028345251250 JavaThread "Notification Thread"        daemon [_thread_blocked, id=45520, stack(0x000000bb40b00000,0x000000bb40c00000) (1024K)]
  0x0000028345eb0700 JavaThread "RMI TCP Accept-0"           daemon [_thread_in_native, id=29428, stack(0x000000bb41400000,0x000000bb41500000) (1024K)]
  0x0000028345eb1420 JavaThread "RMI TCP Connection(1)-172.20.10.2" daemon [_thread_in_native, id=39708, stack(0x000000bb41500000,0x000000bb41600000) (1024K)]
  0x0000028345eaf9e0 JavaThread "RMI Scheduler(0)"           daemon [_thread_blocked, id=9148, stack(0x000000bb41600000,0x000000bb41700000) (1024K)]
  0x0000028345eadfa0 JavaThread "JMX server connection timeout 43" daemon [_thread_blocked, id=57508, stack(0x000000bb41700000,0x000000bb41800000) (1024K)]
Total: 20

Other Threads:
=>0x0000028372f5b550 VMThread "VM Thread"                           [id=27592, stack(0x000000bb3fa00000,0x000000bb3fb00000) (1024K)]
  0x0000028372f43450 WatcherThread "VM Periodic Task Thread"        [id=48240, stack(0x000000bb3f900000,0x000000bb3fa00000) (1024K)]
  0x000002835339cd80 WorkerThread "GC Thread#0"                     [id=63656, stack(0x000000bb3f400000,0x000000bb3f500000) (1024K)]
  0x00000283460f09d0 WorkerThread "GC Thread#1"                     [id=21092, stack(0x000000bb40c00000,0x000000bb40d00000) (1024K)]
  0x00000283460f0d80 WorkerThread "GC Thread#2"                     [id=9292, stack(0x000000bb40d00000,0x000000bb40e00000) (1024K)]
  0x00000283460f1540 WorkerThread "GC Thread#3"                     [id=63528, stack(0x000000bb40e00000,0x000000bb40f00000) (1024K)]
  0x0000028345f02470 WorkerThread "GC Thread#4"                     [id=61864, stack(0x000000bb40f00000,0x000000bb41000000) (1024K)]
  0x0000028345f02820 WorkerThread "GC Thread#5"                     [id=2204, stack(0x000000bb41000000,0x000000bb41100000) (1024K)]
  0x00000283464619f0 WorkerThread "GC Thread#6"                     [id=56292, stack(0x000000bb41100000,0x000000bb41200000) (1024K)]
  0x0000028346460b30 WorkerThread "GC Thread#7"                     [id=55880, stack(0x000000bb41200000,0x000000bb41300000) (1024K)]
  0x0000028346460020 WorkerThread "GC Thread#8"                     [id=51892, stack(0x000000bb41300000,0x000000bb41400000) (1024K)]
  0x0000028346c02030 WorkerThread "GC Thread#9"                     [id=25640, stack(0x000000bb41800000,0x000000bb41900000) (1024K)]
  0x0000028346c02790 WorkerThread "GC Thread#10"                    [id=11976, stack(0x000000bb41900000,0x000000bb41a00000) (1024K)]
  0x0000028346c02ef0 WorkerThread "GC Thread#11"                    [id=64476, stack(0x000000bb41a00000,0x000000bb41b00000) (1024K)]
  0x0000028346c03650 WorkerThread "GC Thread#12"                    [id=12220, stack(0x000000bb41b00000,0x000000bb41c00000) (1024K)]
  0x00000283533ad790 ConcurrentGCThread "G1 Main Marker"            [id=7816, stack(0x000000bb3f500000,0x000000bb3f600000) (1024K)]
  0x00000283533aff80 WorkerThread "G1 Conc#0"                       [id=30192, stack(0x000000bb3f600000,0x000000bb3f700000) (1024K)]
  0x0000028346c04c70 WorkerThread "G1 Conc#1"                       [id=55676, stack(0x000000bb40700000,0x000000bb40800000) (1024K)]
  0x0000028346c03db0 WorkerThread "G1 Conc#2"                       [id=8872, stack(0x000000bb40800000,0x000000bb40900000) (1024K)]
  0x0000028372e1b9d0 ConcurrentGCThread "G1 Refine#0"               [id=41880, stack(0x000000bb3f700000,0x000000bb3f800000) (1024K)]
  0x0000028372e1be10 ConcurrentGCThread "G1 Service"                [id=2484, stack(0x000000bb3f800000,0x000000bb3f900000) (1024K)]
Total: 21

Threads with active compile tasks:
Total: 0

VM state: at safepoint (normal execution)

VM Mutex/Monitor currently owned by a thread:  ([mutex/lock_event])
[0x00007ff904e7ff10] Threads_lock - owner thread: 0x0000028372f5b550
[0x00007ff904e80010] Heap_lock - owner thread: 0x000002835177a340

Heap address: 0x0000000704e00000, size: 4018 MB, Compressed Oops mode: Zero based, Oop shift amount: 3

CDS archive(s) mapped at: [0x0000028300000000-0x0000028300c60000-0x0000028300c60000), size 12976128, SharedBaseAddress: 0x0000028300000000, ArchiveRelocationMode: 1.
Compressed class space mapped at: 0x0000028301000000-0x0000028341000000, reserved size: 1073741824
Narrow klass base: 0x0000028300000000, Narrow klass shift: 0, Narrow klass range: 0x41000000

GC Precious Log:
 CardTable entry size: 512
 Card Set container configuration: InlinePtr #cards 4 size 8 Array Of Cards #cards 16 size 48 Howl #buckets 8 coarsen threshold 3686 Howl Bitmap #cards 512 size 80 coarsen threshold 460 Card regions per heap region 1 cards per card region 4096
 CPUs: 16 total, 16 available
 Memory: 16068M
 Large Page Support: Disabled
 NUMA Support: Disabled
 Compressed Oops: Enabled (Zero based)
 Heap Region Size: 2M
 Heap Min Capacity: 8M
 Heap Initial Capacity: 252M
 Heap Max Capacity: 4018M
 Pre-touch: Disabled
 Parallel Workers: 13
 Concurrent Workers: 3
 Concurrent Refinement Workers: 13
 Periodic GC: Disabled

Heap:
 garbage-first heap   total reserved 4114432K, committed 296960K, used 271360K [0x0000000704e00000, 0x0000000800000000)
  region size 2048K, 2 young (4096K), 2 survivors (4096K)
 Metaspace       used 15660K, committed 16128K, reserved 1114112K
  class space    used 1880K, committed 2112K, reserved 1048576K

Heap Regions: E=young(eden), S=young(survivor), O=old, HS=humongous(starts), HC=humongous(continues), CS=collection set, F=free, TAMS=top-at-mark-start, PB=parsable bottom
|   0|0x0000000704e00000, 0x0000000705000000, 0x0000000705000000|100%|HS|  |TAMS 0x0000000705000000| PB 0x0000000704e00000| Complete |  0
|   1|0x0000000705000000, 0x0000000705200000, 0x0000000705200000|100%|HC|  |TAMS 0x0000000705200000| PB 0x0000000705000000| Complete |  0
|   2|0x0000000705200000, 0x0000000705400000, 0x0000000705400000|100%|HS|  |TAMS 0x0000000705400000| PB 0x0000000705200000| Complete |  0
|   3|0x0000000705400000, 0x0000000705600000, 0x0000000705600000|100%|HC|  |TAMS 0x0000000705600000| PB 0x0000000705400000| Complete |  0
|   4|0x0000000705600000, 0x0000000705800000, 0x0000000705800000|100%|HS|  |TAMS 0x0000000705800000| PB 0x0000000705600000| Complete |  0
|   5|0x0000000705800000, 0x0000000705a00000, 0x0000000705a00000|100%|HC|  |TAMS 0x0000000705a00000| PB 0x0000000705800000| Complete |  0
|   6|0x0000000705a00000, 0x0000000705c00000, 0x0000000705c00000|100%|HC|  |TAMS 0x0000000705c00000| PB 0x0000000705a00000| Complete |  0
|   7|0x0000000705c00000, 0x0000000705e00000, 0x0000000705e00000|100%|HS|  |TAMS 0x0000000705e00000| PB 0x0000000705c00000| Complete |  0
|   8|0x0000000705e00000, 0x0000000706000000, 0x0000000706000000|100%|HC|  |TAMS 0x0000000706000000| PB 0x0000000705e00000| Complete |  0
|   9|0x0000000706000000, 0x0000000706200000, 0x0000000706200000|100%|HC|  |TAMS 0x0000000706200000| PB 0x0000000706000000| Complete |  0
|  10|0x0000000706200000, 0x0000000706400000, 0x0000000706400000|100%|HC|  |TAMS 0x0000000706400000| PB 0x0000000706200000| Complete |  0
|  11|0x0000000706400000, 0x0000000706600000, 0x0000000706600000|100%|HS|  |TAMS 0x0000000706600000| PB 0x0000000706400000| Complete |  0
|  12|0x0000000706600000, 0x0000000706800000, 0x0000000706800000|100%|HC|  |TAMS 0x0000000706800000| PB 0x0000000706600000| Complete |  0
|  13|0x0000000706800000, 0x0000000706a00000, 0x0000000706a00000|100%|HC|  |TAMS 0x0000000706a00000| PB 0x0000000706800000| Complete |  0
|  14|0x0000000706a00000, 0x0000000706c00000, 0x0000000706c00000|100%|HC|  |TAMS 0x0000000706c00000| PB 0x0000000706a00000| Complete |  0
|  15|0x0000000706c00000, 0x0000000706e00000, 0x0000000706e00000|100%|HC|  |TAMS 0x0000000706e00000| PB 0x0000000706c00000| Complete |  0
|  16|0x0000000706e00000, 0x0000000707000000, 0x0000000707000000|100%|HC|  |TAMS 0x0000000707000000| PB 0x0000000706e00000| Complete |  0
|  17|0x0000000707000000, 0x0000000707200000, 0x0000000707200000|100%| O|  |TAMS 0x0000000707200000| PB 0x0000000707000000| Untracked |  0
|  18|0x0000000707200000, 0x0000000707400000, 0x0000000707400000|100%| O|  |TAMS 0x0000000707400000| PB 0x0000000707200000| Untracked |  0
|  19|0x0000000707400000, 0x0000000707600000, 0x0000000707600000|100%| O|  |TAMS 0x0000000707600000| PB 0x0000000707400000| Untracked |  0
|  20|0x0000000707600000, 0x0000000707800000, 0x0000000707800000|100%| O|  |TAMS 0x0000000707800000| PB 0x0000000707600000| Untracked |  0
|  21|0x0000000707800000, 0x0000000707a00000, 0x0000000707a00000|100%|HS|  |TAMS 0x0000000707a00000| PB 0x0000000707800000| Complete |  0
|  22|0x0000000707a00000, 0x0000000707c00000, 0x0000000707c00000|100%|HC|  |TAMS 0x0000000707c00000| PB 0x0000000707a00000| Complete |  0
|  23|0x0000000707c00000, 0x0000000707e00000, 0x0000000707e00000|100%|HC|  |TAMS 0x0000000707e00000| PB 0x0000000707c00000| Complete |  0
|  24|0x0000000707e00000, 0x0000000708000000, 0x0000000708000000|100%|HC|  |TAMS 0x0000000708000000| PB 0x0000000707e00000| Complete |  0
|  25|0x0000000708000000, 0x0000000708200000, 0x0000000708200000|100%|HC|  |TAMS 0x0000000708200000| PB 0x0000000708000000| Complete |  0
|  26|0x0000000708200000, 0x0000000708400000, 0x0000000708400000|100%|HC|  |TAMS 0x0000000708400000| PB 0x0000000708200000| Complete |  0
|  27|0x0000000708400000, 0x0000000708600000, 0x0000000708600000|100%|HC|  |TAMS 0x0000000708600000| PB 0x0000000708400000| Complete |  0
|  28|0x0000000708600000, 0x0000000708800000, 0x0000000708800000|100%|HC|  |TAMS 0x0000000708800000| PB 0x0000000708600000| Complete |  0
|  29|0x0000000708800000, 0x0000000708a00000, 0x0000000708a00000|100%|HC|  |TAMS 0x0000000708a00000| PB 0x0000000708800000| Complete |  0
|  30|0x0000000708a00000, 0x0000000708c00000, 0x0000000708c00000|100%|HC|  |TAMS 0x0000000708c00000| PB 0x0000000708a00000| Complete |  0
|  31|0x0000000708c00000, 0x0000000708e00000, 0x0000000708e00000|100%|HC|  |TAMS 0x0000000708e00000| PB 0x0000000708c00000| Complete |  0
|  32|0x0000000708e00000, 0x0000000709000000, 0x0000000709000000|100%|HC|  |TAMS 0x0000000709000000| PB 0x0000000708e00000| Complete |  0
|  33|0x0000000709000000, 0x0000000709200000, 0x0000000709200000|100%|HC|  |TAMS 0x0000000709200000| PB 0x0000000709000000| Complete |  0
|  34|0x0000000709200000, 0x0000000709400000, 0x0000000709400000|100%|HC|  |TAMS 0x0000000709400000| PB 0x0000000709200000| Complete |  0
|  35|0x0000000709400000, 0x0000000709600000, 0x0000000709600000|100%|HC|  |TAMS 0x0000000709600000| PB 0x0000000709400000| Complete |  0
|  36|0x0000000709600000, 0x0000000709800000, 0x0000000709800000|100%|HC|  |TAMS 0x0000000709800000| PB 0x0000000709600000| Complete |  0
|  37|0x0000000709800000, 0x0000000709a00000, 0x0000000709a00000|100%|HC|  |TAMS 0x0000000709a00000| PB 0x0000000709800000| Complete |  0
|  38|0x0000000709a00000, 0x0000000709c00000, 0x0000000709c00000|100%|HC|  |TAMS 0x0000000709c00000| PB 0x0000000709a00000| Complete |  0
|  39|0x0000000709c00000, 0x0000000709e00000, 0x0000000709e00000|100%|HC|  |TAMS 0x0000000709e00000| PB 0x0000000709c00000| Complete |  0
|  40|0x0000000709e00000, 0x000000070a000000, 0x000000070a000000|100%|HS|  |TAMS 0x000000070a000000| PB 0x0000000709e00000| Complete |  0
|  41|0x000000070a000000, 0x000000070a200000, 0x000000070a200000|100%|HC|  |TAMS 0x000000070a200000| PB 0x000000070a000000| Complete |  0
|  42|0x000000070a200000, 0x000000070a400000, 0x000000070a400000|100%|HC|  |TAMS 0x000000070a400000| PB 0x000000070a200000| Complete |  0
|  43|0x000000070a400000, 0x000000070a600000, 0x000000070a600000|100%|HC|  |TAMS 0x000000070a600000| PB 0x000000070a400000| Complete |  0
|  44|0x000000070a600000, 0x000000070a800000, 0x000000070a800000|100%|HC|  |TAMS 0x000000070a800000| PB 0x000000070a600000| Complete |  0
|  45|0x000000070a800000, 0x000000070aa00000, 0x000000070aa00000|100%|HC|  |TAMS 0x000000070aa00000| PB 0x000000070a800000| Complete |  0
|  46|0x000000070aa00000, 0x000000070ac00000, 0x000000070ac00000|100%|HC|  |TAMS 0x000000070ac00000| PB 0x000000070aa00000| Complete |  0
|  47|0x000000070ac00000, 0x000000070ae00000, 0x000000070ae00000|100%|HC|  |TAMS 0x000000070ae00000| PB 0x000000070ac00000| Complete |  0
|  48|0x000000070ae00000, 0x000000070b000000, 0x000000070b000000|100%|HC|  |TAMS 0x000000070b000000| PB 0x000000070ae00000| Complete |  0
|  49|0x000000070b000000, 0x000000070b200000, 0x000000070b200000|100%|HC|  |TAMS 0x000000070b200000| PB 0x000000070b000000| Complete |  0
|  50|0x000000070b200000, 0x000000070b400000, 0x000000070b400000|100%|HS|  |TAMS 0x000000070b400000| PB 0x000000070b200000| Complete |  0
|  51|0x000000070b400000, 0x000000070b600000, 0x000000070b600000|100%| O|  |TAMS 0x000000070b600000| PB 0x000000070b400000| Untracked |  0
|  52|0x000000070b600000, 0x000000070b800000, 0x000000070b800000|100%| O|  |TAMS 0x000000070b800000| PB 0x000000070b600000| Untracked |  0
|  53|0x000000070b800000, 0x000000070ba00000, 0x000000070ba00000|100%| O|  |TAMS 0x000000070ba00000| PB 0x000000070b800000| Untracked |  0
|  54|0x000000070ba00000, 0x000000070bc00000, 0x000000070bc00000|100%| O|  |TAMS 0x000000070bc00000| PB 0x000000070ba00000| Untracked |  0
|  55|0x000000070bc00000, 0x000000070be00000, 0x000000070be00000|100%| O|  |TAMS 0x000000070be00000| PB 0x000000070bc00000| Untracked |  0
|  56|0x000000070be00000, 0x000000070c000000, 0x000000070c000000|100%| O|  |TAMS 0x000000070c000000| PB 0x000000070be00000| Untracked |  0
|  57|0x000000070c000000, 0x000000070c200000, 0x000000070c200000|100%| O|  |TAMS 0x000000070c200000| PB 0x000000070c000000| Untracked |  0
|  58|0x000000070c200000, 0x000000070c400000, 0x000000070c400000|100%| O|  |TAMS 0x000000070c400000| PB 0x000000070c200000| Untracked |  0
|  59|0x000000070c400000, 0x000000070c600000, 0x000000070c600000|100%| O|  |TAMS 0x000000070c600000| PB 0x000000070c400000| Untracked |  0
|  60|0x000000070c600000, 0x000000070c800000, 0x000000070c800000|100%| O|  |TAMS 0x000000070c800000| PB 0x000000070c600000| Untracked |  0
|  61|0x000000070c800000, 0x000000070ca00000, 0x000000070ca00000|100%| O|  |TAMS 0x000000070ca00000| PB 0x000000070c800000| Untracked |  0
|  62|0x000000070ca00000, 0x000000070cc00000, 0x000000070cc00000|100%| O|  |TAMS 0x000000070cc00000| PB 0x000000070ca00000| Untracked |  0
|  63|0x000000070cc00000, 0x000000070ce00000, 0x000000070ce00000|100%| O|  |TAMS 0x000000070ce00000| PB 0x000000070cc00000| Untracked |  0
|  64|0x000000070ce00000, 0x000000070d000000, 0x000000070d000000|100%| O|  |TAMS 0x000000070d000000| PB 0x000000070ce00000| Untracked |  0
|  65|0x000000070d000000, 0x000000070d200000, 0x000000070d200000|100%| O|  |TAMS 0x000000070d200000| PB 0x000000070d000000| Untracked |  0
|  66|0x000000070d200000, 0x000000070d400000, 0x000000070d400000|100%| O|  |TAMS 0x000000070d400000| PB 0x000000070d200000| Untracked |  0
|  67|0x000000070d400000, 0x000000070d600000, 0x000000070d600000|100%| O|  |TAMS 0x000000070d600000| PB 0x000000070d400000| Untracked |  0
|  68|0x000000070d600000, 0x000000070d800000, 0x000000070d800000|100%| O|  |TAMS 0x000000070d800000| PB 0x000000070d600000| Untracked |  0
|  69|0x000000070d800000, 0x000000070da00000, 0x000000070da00000|100%| O|  |TAMS 0x000000070da00000| PB 0x000000070d800000| Untracked |  0
|  70|0x000000070da00000, 0x000000070dc00000, 0x000000070dc00000|100%| O|  |TAMS 0x000000070dc00000| PB 0x000000070da00000| Untracked |  0
|  71|0x000000070dc00000, 0x000000070de00000, 0x000000070de00000|100%| O|  |TAMS 0x000000070de00000| PB 0x000000070dc00000| Untracked |  0
|  72|0x000000070de00000, 0x000000070e000000, 0x000000070e000000|100%| O|  |TAMS 0x000000070e000000| PB 0x000000070de00000| Untracked |  0
|  73|0x000000070e000000, 0x000000070e200000, 0x000000070e200000|100%| O|  |TAMS 0x000000070e200000| PB 0x000000070e000000| Untracked |  0
|  74|0x000000070e200000, 0x000000070e400000, 0x000000070e400000|100%| O|  |TAMS 0x000000070e400000| PB 0x000000070e200000| Untracked |  0
|  75|0x000000070e400000, 0x000000070e600000, 0x000000070e600000|100%| O|  |TAMS 0x000000070e600000| PB 0x000000070e400000| Untracked |  0
|  76|0x000000070e600000, 0x000000070e800000, 0x000000070e800000|100%| O|  |TAMS 0x000000070e600000| PB 0x000000070e600000| Untracked |  0
|  77|0x000000070e800000, 0x000000070ea00000, 0x000000070ea00000|100%| O|  |TAMS 0x000000070e800000| PB 0x000000070e800000| Untracked |  0
|  78|0x000000070ea00000, 0x000000070ec00000, 0x000000070ec00000|100%| O|  |TAMS 0x000000070ea00000| PB 0x000000070ea00000| Untracked |  0
|  79|0x000000070ec00000, 0x000000070ee00000, 0x000000070ee00000|100%| O|  |TAMS 0x000000070ec00000| PB 0x000000070ec00000| Untracked |  0
|  80|0x000000070ee00000, 0x000000070f000000, 0x000000070f000000|100%| O|  |TAMS 0x000000070ee00000| PB 0x000000070ee00000| Untracked |  0
|  81|0x000000070f000000, 0x000000070f200000, 0x000000070f200000|100%| O|  |TAMS 0x000000070f000000| PB 0x000000070f000000| Untracked |  0
|  82|0x000000070f200000, 0x000000070f400000, 0x000000070f400000|100%| O|  |TAMS 0x000000070f200000| PB 0x000000070f200000| Untracked |  0
|  83|0x000000070f400000, 0x000000070f600000, 0x000000070f600000|100%| O|  |TAMS 0x000000070f400000| PB 0x000000070f400000| Untracked |  0
|  84|0x000000070f600000, 0x000000070f800000, 0x000000070f800000|100%| O|  |TAMS 0x000000070f600000| PB 0x000000070f600000| Untracked |  0
|  85|0x000000070f800000, 0x000000070fa00000, 0x000000070fa00000|100%| O|  |TAMS 0x000000070f800000| PB 0x000000070f800000| Untracked |  0
|  86|0x000000070fa00000, 0x000000070fc00000, 0x000000070fc00000|100%| O|  |TAMS 0x000000070fa00000| PB 0x000000070fa00000| Untracked |  0
|  87|0x000000070fc00000, 0x000000070fe00000, 0x000000070fe00000|100%| O|  |TAMS 0x000000070fc00000| PB 0x000000070fc00000| Untracked |  0
|  88|0x000000070fe00000, 0x0000000710000000, 0x0000000710000000|100%| O|  |TAMS 0x000000070fe00000| PB 0x000000070fe00000| Untracked |  0
|  89|0x0000000710000000, 0x0000000710200000, 0x0000000710200000|100%| O|  |TAMS 0x0000000710000000| PB 0x0000000710000000| Untracked |  0
|  90|0x0000000710200000, 0x0000000710400000, 0x0000000710400000|100%| O|  |TAMS 0x0000000710200000| PB 0x0000000710200000| Untracked |  0
|  91|0x0000000710400000, 0x0000000710600000, 0x0000000710600000|100%| O|  |TAMS 0x0000000710400000| PB 0x0000000710400000| Untracked |  0
|  92|0x0000000710600000, 0x0000000710800000, 0x0000000710800000|100%| O|  |TAMS 0x0000000710600000| PB 0x0000000710600000| Untracked |  0
|  93|0x0000000710800000, 0x0000000710a00000, 0x0000000710a00000|100%| O|  |TAMS 0x0000000710800000| PB 0x0000000710800000| Untracked |  0
|  94|0x0000000710a00000, 0x0000000710c00000, 0x0000000710c00000|100%| O|  |TAMS 0x0000000710a00000| PB 0x0000000710a00000| Untracked |  0
|  95|0x0000000710c00000, 0x0000000710e00000, 0x0000000710e00000|100%| O|  |TAMS 0x0000000710c00000| PB 0x0000000710c00000| Untracked |  0
|  96|0x0000000710e00000, 0x0000000711000000, 0x0000000711000000|100%| O|  |TAMS 0x0000000710e00000| PB 0x0000000710e00000| Untracked |  0
|  97|0x0000000711000000, 0x0000000711200000, 0x0000000711200000|100%| O|  |TAMS 0x0000000711000000| PB 0x0000000711000000| Untracked |  0
|  98|0x0000000711200000, 0x0000000711400000, 0x0000000711400000|100%| O|  |TAMS 0x0000000711200000| PB 0x0000000711200000| Untracked |  0
|  99|0x0000000711400000, 0x0000000711600000, 0x0000000711600000|100%| O|  |TAMS 0x0000000711400000| PB 0x0000000711400000| Untracked |  0
| 100|0x0000000711600000, 0x0000000711800000, 0x0000000711800000|100%| O|  |TAMS 0x0000000711600000| PB 0x0000000711600000| Untracked |  0
| 101|0x0000000711800000, 0x0000000711a00000, 0x0000000711a00000|100%| O|  |TAMS 0x0000000711800000| PB 0x0000000711800000| Untracked |  0
| 102|0x0000000711a00000, 0x0000000711c00000, 0x0000000711c00000|100%| O|  |TAMS 0x0000000711a00000| PB 0x0000000711a00000| Untracked |  0
| 103|0x0000000711c00000, 0x0000000711e00000, 0x0000000711e00000|100%| O|  |TAMS 0x0000000711c00000| PB 0x0000000711c00000| Untracked |  0
| 104|0x0000000711e00000, 0x0000000712000000, 0x0000000712000000|100%| S|CS|TAMS 0x0000000711e00000| PB 0x0000000711e00000| Complete |  0
| 105|0x0000000712000000, 0x0000000712200000, 0x0000000712200000|100%| S|CS|TAMS 0x0000000712000000| PB 0x0000000712000000| Complete |  0
| 106|0x0000000712200000, 0x0000000712200000, 0x0000000712400000|  0%| F|  |TAMS 0x0000000712200000| PB 0x0000000712200000| Untracked |  0
| 107|0x0000000712400000, 0x0000000712400000, 0x0000000712600000|  0%| F|  |TAMS 0x0000000712400000| PB 0x0000000712400000| Untracked |  0
| 108|0x0000000712600000, 0x0000000712600000, 0x0000000712800000|  0%| F|  |TAMS 0x0000000712600000| PB 0x0000000712600000| Untracked |  0
| 109|0x0000000712800000, 0x0000000712800000, 0x0000000712a00000|  0%| F|  |TAMS 0x0000000712800000| PB 0x0000000712800000| Untracked |  0
| 110|0x0000000712a00000, 0x0000000712a00000, 0x0000000712c00000|  0%| F|  |TAMS 0x0000000712a00000| PB 0x0000000712a00000| Untracked |  0
| 111|0x0000000712c00000, 0x0000000712e00000, 0x0000000712e00000|100%|HS|  |TAMS 0x0000000712c00000| PB 0x0000000712c00000| Complete |  0
| 112|0x0000000712e00000, 0x0000000713000000, 0x0000000713000000|100%|HC|  |TAMS 0x0000000712e00000| PB 0x0000000712e00000| Complete |  0
| 113|0x0000000713000000, 0x0000000713200000, 0x0000000713200000|100%|HC|  |TAMS 0x0000000713000000| PB 0x0000000713000000| Complete |  0
| 114|0x0000000713200000, 0x0000000713400000, 0x0000000713400000|100%|HC|  |TAMS 0x0000000713200000| PB 0x0000000713200000| Complete |  0
| 115|0x0000000713400000, 0x0000000713600000, 0x0000000713600000|100%|HC|  |TAMS 0x0000000713400000| PB 0x0000000713400000| Complete |  0
| 116|0x0000000713600000, 0x0000000713800000, 0x0000000713800000|100%|HC|  |TAMS 0x0000000713600000| PB 0x0000000713600000| Complete |  0
| 117|0x0000000713800000, 0x0000000713a00000, 0x0000000713a00000|100%|HC|  |TAMS 0x0000000713800000| PB 0x0000000713800000| Complete |  0
| 118|0x0000000713a00000, 0x0000000713c00000, 0x0000000713c00000|100%|HC|  |TAMS 0x0000000713a00000| PB 0x0000000713a00000| Complete |  0
| 119|0x0000000713c00000, 0x0000000713c00000, 0x0000000713e00000|  0%| F|  |TAMS 0x0000000713c00000| PB 0x0000000713c00000| Untracked |  0
| 120|0x0000000713e00000, 0x0000000713e00000, 0x0000000714000000|  0%| F|  |TAMS 0x0000000713e00000| PB 0x0000000713e00000| Untracked |  0
| 121|0x0000000714000000, 0x0000000714000000, 0x0000000714200000|  0%| F|  |TAMS 0x0000000714000000| PB 0x0000000714000000| Untracked |  0
| 122|0x0000000714200000, 0x0000000714200000, 0x0000000714400000|  0%| F|  |TAMS 0x0000000714200000| PB 0x0000000714200000| Untracked |  0
| 123|0x0000000714400000, 0x0000000714400000, 0x0000000714600000|  0%| F|  |TAMS 0x0000000714400000| PB 0x0000000714400000| Untracked |  0
| 124|0x0000000714600000, 0x0000000714600000, 0x0000000714800000|  0%| F|  |TAMS 0x0000000714600000| PB 0x0000000714600000| Untracked |  0
| 125|0x0000000714800000, 0x0000000714800000, 0x0000000714a00000|  0%| F|  |TAMS 0x0000000714800000| PB 0x0000000714800000| Untracked |  0
|1990|0x00000007fda00000, 0x00000007fdb00000, 0x00000007fdc00000| 50%| O|  |TAMS 0x00000007fda00000| PB 0x00000007fda00000| Untracked |  0
|1991|0x00000007fdc00000, 0x00000007fde00000, 0x00000007fde00000|100%| O|  |TAMS 0x00000007fdc00000| PB 0x00000007fdc00000| Untracked |  0
|1992|0x00000007fde00000, 0x00000007fe000000, 0x00000007fe000000|100%| O|  |TAMS 0x00000007fde00000| PB 0x00000007fde00000| Untracked |  0
|1993|0x00000007fe000000, 0x00000007fe200000, 0x00000007fe200000|100%| O|  |TAMS 0x00000007fe200000| PB 0x00000007fe000000| Untracked |  0
|1994|0x00000007fe200000, 0x00000007fe400000, 0x00000007fe400000|100%| O|  |TAMS 0x00000007fe400000| PB 0x00000007fe200000| Untracked |  0
|1995|0x00000007fe400000, 0x00000007fe600000, 0x00000007fe600000|100%| O|  |TAMS 0x00000007fe600000| PB 0x00000007fe400000| Untracked |  0
|1996|0x00000007fe600000, 0x00000007fe800000, 0x00000007fe800000|100%| O|  |TAMS 0x00000007fe800000| PB 0x00000007fe600000| Untracked |  0
|1997|0x00000007fe800000, 0x00000007fea00000, 0x00000007fea00000|100%| O|  |TAMS 0x00000007fea00000| PB 0x00000007fe800000| Untracked |  0
|1998|0x00000007fea00000, 0x00000007fec00000, 0x00000007fec00000|100%| O|  |TAMS 0x00000007fec00000| PB 0x00000007fea00000| Untracked |  0
|1999|0x00000007fec00000, 0x00000007fee00000, 0x00000007fee00000|100%| O|  |TAMS 0x00000007fee00000| PB 0x00000007fec00000| Untracked |  0
|2000|0x00000007fee00000, 0x00000007ff000000, 0x00000007ff000000|100%| O|  |TAMS 0x00000007ff000000| PB 0x00000007fee00000| Untracked |  0
|2001|0x00000007ff000000, 0x00000007ff200000, 0x00000007ff200000|100%| O|  |TAMS 0x00000007ff200000| PB 0x00000007ff000000| Untracked |  0
|2002|0x00000007ff200000, 0x00000007ff400000, 0x00000007ff400000|100%| O|  |TAMS 0x00000007ff400000| PB 0x00000007ff200000| Untracked |  0
|2003|0x00000007ff400000, 0x00000007ff600000, 0x00000007ff600000|100%| O|  |TAMS 0x00000007ff600000| PB 0x00000007ff400000| Untracked |  0
|2004|0x00000007ff600000, 0x00000007ff800000, 0x00000007ff800000|100%| O|  |TAMS 0x00000007ff800000| PB 0x00000007ff600000| Untracked |  0
|2005|0x00000007ff800000, 0x00000007ffa00000, 0x00000007ffa00000|100%| O|  |TAMS 0x00000007ffa00000| PB 0x00000007ff800000| Untracked |  0
|2006|0x00000007ffa00000, 0x00000007ffc00000, 0x00000007ffc00000|100%| O|  |TAMS 0x00000007ffc00000| PB 0x00000007ffa00000| Untracked |  0
|2007|0x00000007ffc00000, 0x00000007ffe00000, 0x00000007ffe00000|100%| O|  |TAMS 0x00000007ffe00000| PB 0x00000007ffc00000| Untracked |  0
|2008|0x00000007ffe00000, 0x0000000800000000, 0x0000000800000000|100%| O|  |TAMS 0x0000000800000000| PB 0x00000007ffe00000| Untracked |  0

Card table byte_map: [0x000002836c0a0000,0x000002836c880000] _byte_map_base: 0x0000028368879000

Marking Bits: (CMBitMap*) 0x000002835339d3a0
 Bits: [0x000002836c880000, 0x0000028370748000)

Polling page: 0x0000028351ab0000

Metaspace:

Usage:
  Non-class:     13.46 MB used.
      Class:      1.84 MB used.
       Both:     15.29 MB used.

Virtual space:
  Non-class space:       64.00 MB reserved,      13.69 MB ( 21%) committed,  1 nodes.
      Class space:        1.00 GB reserved,       2.06 MB ( <1%) committed,  1 nodes.
             Both:        1.06 GB reserved,      15.75 MB (  1%) committed. 

Chunk freelists:
   Non-Class:  1.79 MB
       Class:  13.93 MB
        Both:  15.73 MB

MaxMetaspaceSize: unlimited
CompressedClassSpaceSize: 1.00 GB
Initial GC threshold: 21.00 MB
Current GC threshold: 21.00 MB
CDS: on
 - commit_granule_bytes: 65536.
 - commit_granule_words: 8192.
 - virtual_space_node_default_size: 8388608.
 - enlarge_chunks_in_place: 1.
 - use_allocation_guard: 0.


Internal statistics:

num_allocs_failed_limit: 0.
num_arena_births: 468.
num_arena_deaths: 0.
num_vsnodes_births: 2.
num_vsnodes_deaths: 0.
num_space_committed: 252.
num_space_uncommitted: 0.
num_chunks_returned_to_freelist: 0.
num_chunks_taken_from_freelist: 787.
num_chunk_merges: 0.
num_chunk_splits: 436.
num_chunks_enlarged: 208.
num_inconsistent_stats: 0.

CodeHeap 'non-profiled nmethods': size=119168Kb used=862Kb max_used=862Kb free=118305Kb
 bounds [0x00000283634b0000, 0x0000028363720000, 0x000002836a910000]
CodeHeap 'profiled nmethods': size=119104Kb used=4441Kb max_used=4441Kb free=114662Kb
 bounds [0x000002835b910000, 0x000002835bd70000, 0x0000028362d60000]
CodeHeap 'non-nmethods': size=7488Kb used=3149Kb max_used=3197Kb free=4339Kb
 bounds [0x0000028362d60000, 0x0000028363090000, 0x00000283634b0000]
 total_blobs=2894 nmethods=2347 adapters=448
 compilation: enabled
              stopped_count=0, restarted_count=0
 full_count=0

Compilation events (20 events):
Event: 1.322 Thread 0x0000028345297230 nmethod 2341 0x000002835bd62a10 code [0x000002835bd62ba0, 0x000002835bd62d98]
Event: 1.322 Thread 0x0000028345276850 nmethod 2340 0x000002835bd62e10 code [0x000002835bd62fc0, 0x000002835bd63220]
Event: 1.322 Thread 0x0000028345297230 2342   !   3       java.lang.ref.ReferenceQueue::remove (61 bytes)
Event: 1.322 Thread 0x00000283451469a0 nmethod 2339 0x000002835bd63310 code [0x000002835bd634e0, 0x000002835bd639d8]
Event: 1.322 Thread 0x0000028345297bf0 2345       3       java.lang.ref.ReferenceQueue::remove0 (64 bytes)
Event: 1.322 Thread 0x0000028345276850 2346       3       java.lang.invoke.MethodHandleNatives$CallSiteContext::run (5 bytes)
Event: 1.322 Thread 0x00000283451469a0 2334       3       java.lang.ref.ReferenceQueue::signal (10 bytes)
Event: 1.322 Thread 0x0000028345276850 nmethod 2346 0x000002835bd63b10 code [0x000002835bd63cc0, 0x000002835bd63df8]
Event: 1.323 Thread 0x0000028345276850 2335       3       java.util.concurrent.locks.AbstractQueuedSynchronizer$ConditionObject::signalAll (34 bytes)
Event: 1.323 Thread 0x0000028345297bf0 nmethod 2345 0x000002835bd63e90 code [0x000002835bd64080, 0x000002835bd64500]
Event: 1.323 Thread 0x0000028345276850 nmethod 2335 0x000002835bd64690 code [0x000002835bd64860, 0x000002835bd64bb8]
Event: 1.323 Thread 0x00000283451469a0 nmethod 2334 0x000002835bd64d10 code [0x000002835bd64f00, 0x000002835bd65300]
Event: 1.323 Thread 0x0000028345297230 nmethod 2342 0x000002835bd65490 code [0x000002835bd65700, 0x000002835bd662b0]
Event: 1.329 Thread 0x00000283451448b0 nmethod 2329% 0x0000028363584910 code [0x0000028363584b20, 0x0000028363586290]
Event: 1.329 Thread 0x00000283451448b0 2349       4       java.util.concurrent.locks.ReentrantLock$Sync::tryRelease (51 bytes)
Event: 1.330 Thread 0x00000283451448b0 nmethod 2349 0x0000028363586b10 code [0x0000028363586c80, 0x0000028363586db0]
Event: 1.330 Thread 0x00000283451448b0 2337       4       java.util.concurrent.locks.ReentrantLock::lock (8 bytes)
Event: 1.333 Thread 0x00000283451448b0 nmethod 2337 0x0000028363586e90 code [0x0000028363587040, 0x0000028363587358]
Event: 1.333 Thread 0x00000283451448b0 2348       4       java.util.concurrent.locks.ReentrantLock::unlock (10 bytes)
Event: 1.334 Thread 0x00000283451448b0 nmethod 2348 0x0000028363587510 code [0x00000283635876c0, 0x00000283635878b8]

GC Heap History (9 events):
Event: 0.434 GC heap before
{Heap before GC invocations=0 (full 0):
 garbage-first heap   total reserved 4114432K, committed 258048K, used 22528K [0x0000000704e00000, 0x0000000800000000)
  region size 2048K, 12 young (24576K), 0 survivors (0K)
 Metaspace       used 9811K, committed 10048K, reserved 1114112K
  class space    used 963K, committed 1024K, reserved 1048576K
}
Event: 0.440 GC heap after
{Heap after GC invocations=1 (full 0):
 garbage-first heap   total reserved 4114432K, committed 258048K, used 3573K [0x0000000704e00000, 0x0000000800000000)
  region size 2048K, 2 young (4096K), 2 survivors (4096K)
 Metaspace       used 9811K, committed 10048K, reserved 1114112K
  class space    used 963K, committed 1024K, reserved 1048576K
}
Event: 1.307 GC heap before
{Heap before GC invocations=1 (full 0):
 garbage-first heap   total reserved 4114432K, committed 258048K, used 146933K [0x0000000704e00000, 0x0000000800000000)
  region size 2048K, 22 young (45056K), 2 survivors (4096K)
 Metaspace       used 15652K, committed 16128K, reserved 1114112K
  class space    used 1880K, committed 2112K, reserved 1048576K
}
Event: 1.320 GC heap after
{Heap after GC invocations=2 (full 0):
 garbage-first heap   total reserved 4114432K, committed 258048K, used 80517K [0x0000000704e00000, 0x0000000800000000)
  region size 2048K, 3 young (6144K), 3 survivors (6144K)
 Metaspace       used 15652K, committed 16128K, reserved 1114112K
  class space    used 1880K, committed 2112K, reserved 1048576K
}
Event: 1.368 GC heap before
{Heap before GC invocations=2 (full 0):
 garbage-first heap   total reserved 4114432K, committed 258048K, used 199301K [0x0000000704e00000, 0x0000000800000000)
  region size 2048K, 44 young (90112K), 3 survivors (6144K)
 Metaspace       used 15660K, committed 16128K, reserved 1114112K
  class space    used 1880K, committed 2112K, reserved 1048576K
}
Event: 1.425 GC heap after
{Heap after GC invocations=3 (full 0):
 garbage-first heap   total reserved 4114432K, committed 290816K, used 200704K [0x0000000704e00000, 0x0000000800000000)
  region size 2048K, 6 young (12288K), 6 survivors (12288K)
 Metaspace       used 15660K, committed 16128K, reserved 1114112K
  class space    used 1880K, committed 2112K, reserved 1048576K
}
Event: 1.439 GC heap before
{Heap before GC invocations=3 (full 0):
 garbage-first heap   total reserved 4114432K, committed 290816K, used 231424K [0x0000000704e00000, 0x0000000800000000)
  region size 2048K, 21 young (43008K), 6 survivors (12288K)
 Metaspace       used 15660K, committed 16128K, reserved 1114112K
  class space    used 1880K, committed 2112K, reserved 1048576K
}
Event: 1.471 GC heap after
{Heap after GC invocations=4 (full 0):
 garbage-first heap   total reserved 4114432K, committed 290816K, used 233472K [0x0000000704e00000, 0x0000000800000000)
  region size 2048K, 3 young (6144K), 3 survivors (6144K)
 Metaspace       used 15660K, committed 16128K, reserved 1114112K
  class space    used 1880K, committed 2112K, reserved 1048576K
}
Event: 1.483 GC heap before
{Heap before GC invocations=4 (full 0):
 garbage-first heap   total reserved 4114432K, committed 290816K, used 268288K [0x0000000704e00000, 0x0000000800000000)
  region size 2048K, 12 young (24576K), 3 survivors (6144K)
 Metaspace       used 15660K, committed 16128K, reserved 1114112K
  class space    used 1880K, committed 2112K, reserved 1048576K
}

Dll operation events (12 events):
Event: 0.008 Loaded shared library C:\Users\kavin\.jdks\corretto-22.0.2\bin\java.dll
Event: 0.009 Loaded shared library C:\Users\kavin\.jdks\corretto-22.0.2\bin\zip.dll
Event: 0.032 Loaded shared library C:\Users\kavin\.jdks\corretto-22.0.2\bin\jsvml.dll
Event: 0.069 Loaded shared library C:\Users\kavin\.jdks\corretto-22.0.2\bin\instrument.dll
Event: 0.118 Loaded shared library C:\Users\kavin\.jdks\corretto-22.0.2\bin\net.dll
Event: 0.119 Loaded shared library C:\Users\kavin\.jdks\corretto-22.0.2\bin\nio.dll
Event: 0.125 Loaded shared library C:\Users\kavin\.jdks\corretto-22.0.2\bin\zip.dll
Event: 0.147 Loaded shared library C:\Users\kavin\.jdks\corretto-22.0.2\bin\jimage.dll
Event: 0.156 Loaded shared library C:\Users\kavin\.jdks\corretto-22.0.2\bin\extnet.dll
Event: 0.228 Loaded shared library C:\Users\kavin\.jdks\corretto-22.0.2\bin\management.dll
Event: 0.245 Loaded shared library C:\Users\kavin\.jdks\corretto-22.0.2\bin\management_ext.dll
Event: 0.522 Loaded shared library C:\Users\kavin\.jdks\corretto-22.0.2\bin\verify.dll

Deoptimization events (20 events):
Event: 0.974 Thread 0x000002835177a340 Uncommon trap: trap_request=0xffffff45 fr.pc=0x00000283634cc830 relative=0x0000000000000190
Event: 0.974 Thread 0x000002835177a340 Uncommon trap: reason=unstable_if action=reinterpret pc=0x00000283634cc830 method=jdk.internal.util.ArraysSupport.vectorizedHashCode(Ljava/lang/Object;IIII)I @ 2 c2
Event: 0.974 Thread 0x000002835177a340 DEOPT PACKING pc=0x00000283634cc830 sp=0x000000bb3f3fbd40
Event: 0.974 Thread 0x000002835177a340 DEOPT UNPACKING pc=0x0000028362db46a2 sp=0x000000bb3f3fbcf0 mode 2
Event: 0.999 Thread 0x000002835177a340 Uncommon trap: trap_request=0xffffff45 fr.pc=0x00000283634f60b0 relative=0x0000000000000110
Event: 0.999 Thread 0x000002835177a340 Uncommon trap: reason=unstable_if action=reinterpret pc=0x00000283634f60b0 method=jdk.internal.org.objectweb.asm.ByteVector.putShort(I)Ljdk/internal/org/objectweb/asm/ByteVector; @ 13 c2
Event: 0.999 Thread 0x000002835177a340 DEOPT PACKING pc=0x00000283634f60b0 sp=0x000000bb3f3fabc0
Event: 0.999 Thread 0x000002835177a340 DEOPT UNPACKING pc=0x0000028362db46a2 sp=0x000000bb3f3fab58 mode 2
Event: 1.025 Thread 0x000002835177a340 DEOPT PACKING pc=0x000002835bd4bafe sp=0x000000bb3f3fc940
Event: 1.025 Thread 0x000002835177a340 DEOPT UNPACKING pc=0x0000028362db4e42 sp=0x000000bb3f3fbe28 mode 0
Event: 1.287 Thread 0x000002835177a340 Uncommon trap: trap_request=0xffffff45 fr.pc=0x0000028363564bec relative=0x000000000000068c
Event: 1.287 Thread 0x000002835177a340 Uncommon trap: reason=unstable_if action=reinterpret pc=0x0000028363564bec method=org.kavinshah.StringCalculatorTest.SumOfLargeNumberSeparatedByComma()V @ 13 c2
Event: 1.287 Thread 0x000002835177a340 DEOPT PACKING pc=0x0000028363564bec sp=0x000000bb3f3fc930
Event: 1.287 Thread 0x000002835177a340 DEOPT UNPACKING pc=0x0000028362db46a2 sp=0x000000bb3f3fc928 mode 2
Event: 1.287 Thread 0x000002835177a340 Uncommon trap: trap_request=0xffffffde fr.pc=0x00000283635835e8 relative=0x0000000000000428
Event: 1.287 Thread 0x000002835177a340 Uncommon trap: reason=class_check action=maybe_recompile pc=0x00000283635835e8 method=java.lang.String.<init>(Ljava/lang/AbstractStringBuilder;Ljava/lang/Void;)V @ 10 c2
Event: 1.287 Thread 0x000002835177a340 DEOPT PACKING pc=0x00000283635835e8 sp=0x000000bb3f3fc840
Event: 1.287 Thread 0x000002835177a340 DEOPT UNPACKING pc=0x0000028362db46a2 sp=0x000000bb3f3fc810 mode 2
Event: 1.330 Thread 0x000002835177a340 DEOPT PACKING pc=0x000002835bd5b855 sp=0x000000bb3f3fc650
Event: 1.330 Thread 0x000002835177a340 DEOPT UNPACKING pc=0x0000028362db4e42 sp=0x000000bb3f3fbbd8 mode 0

Classes loaded (20 events):
Event: 0.989 Loading class org/junit/platform/engine/TestExecutionResult$Status
Event: 0.989 Loading class org/junit/platform/engine/TestExecutionResult$Status done
Event: 0.989 Loading class org/junit/jupiter/api/extension/TestWatcher
Event: 0.989 Loading class org/junit/jupiter/api/extension/TestWatcher done
Event: 0.990 Loading class org/junit/jupiter/api/extension/TestWatcher
Event: 0.990 Loading class org/junit/jupiter/api/extension/TestWatcher done
Event: 0.990 Loading class org/junit/jupiter/engine/descriptor/MethodBasedTestDescriptor
Event: 0.990 Loading class org/junit/jupiter/engine/descriptor/MethodBasedTestDescriptor done
Event: 0.990 Loading class org/junit/jupiter/api/extension/TestWatcher
Event: 0.990 Loading class org/junit/jupiter/api/extension/TestWatcher done
Event: 0.992 Loading class org/junit/platform/engine/support/store/NamespacedHierarchicalStore$CompositeKey
Event: 0.992 Loading class org/junit/platform/engine/support/store/NamespacedHierarchicalStore$CompositeKey done
Event: 0.997 Loading class java/lang/invoke/MethodHandleImpl$CountingWrapper
Event: 0.997 Loading class java/lang/invoke/MethodHandleImpl$CountingWrapper done
Event: 1.210 Loading class javax/management/openmbean/CompositeDataSupport
Event: 1.210 Loading class javax/management/openmbean/CompositeDataSupport done
Event: 1.210 Loading class javax/management/openmbean/OpenDataException
Event: 1.210 Loading class javax/management/openmbean/OpenDataException done
Event: 1.213 Loading class java/io/ObjectStreamException
Event: 1.213 Loading class java/io/ObjectStreamException done

Classes unloaded (0 events):
No events

Classes redefined (1 events):
Event: 0.107 Thread 0x0000028372f5b550 redefined class name=java.lang.Throwable, count=1

Internal exceptions (20 events):
Event: 0.885 Thread 0x000002835177a340 Exception <a 'java/lang/NoSuchMethodError'{0x00000007136a7048}: 'void java.lang.invoke.DirectMethodHandle$Holder.invokeStaticInit(java.lang.Object)'> (0x00000007136a7048) 
thrown [s\src\hotspot\share\interpreter\linkResolver.cpp, line 774]
Event: 0.935 Thread 0x000002835177a340 Exception <a 'java/lang/IncompatibleClassChangeError'{0x00000007134bed50}: Found class java.lang.Object, but interface was expected> (0x00000007134bed50) 
thrown [s\src\hotspot\share\interpreter\linkResolver.cpp, line 841]
Event: 0.949 Thread 0x000002835177a340 Exception <a 'java/lang/NoSuchMethodError'{0x0000000713530000}: 'java.lang.Object java.lang.invoke.DirectMethodHandle$Holder.invokeStaticInit(java.lang.Object, java.lang.Object, java.lang.Object, java.lang.Object, java.lang.Object, java.lang.Object, java.lang.Object)'> (0x0000000713530000) 
thrown [s\src\hotspot\share\interpreter\linkResolver.cpp, line 774]
Event: 0.949 Thread 0x000002835177a340 Exception <a 'java/lang/NoSuchMethodError'{0x0000000713534f98}: 'java.lang.Object java.lang.invoke.Invokers$Holder.invoke_MT(java.lang.Object, java.lang.Object, java.lang.Object, java.lang.Object, java.lang.Object, java.lang.Object, java.lang.Object, java.lang.Object, java.lang.Object)'> (0x0000000713534f98) 
thrown [s\src\hotspot\share\interpreter\linkResolver.cpp, line 774]
Event: 0.953 Thread 0x000002835177a340 Exception <a 'java/lang/NoSuchMethodError'{0x000000071354f920}: 'void java.lang.invoke.DelegatingMethodHandle$Holder.delegate(java.lang.Object, java.lang.Object, int, java.lang.Object)'> (0x000000071354f920) 
thrown [s\src\hotspot\share\interpreter\linkResolver.cpp, line 774]
Event: 0.957 Thread 0x000002835177a340 Exception <a 'java/lang/NoSuchMethodError'{0x000000071356da80}: 'int java.lang.invoke.DirectMethodHandle$Holder.invokeVirtual(java.lang.Object, java.lang.Object, java.lang.Object)'> (0x000000071356da80) 
thrown [s\src\hotspot\share\interpreter\linkResolver.cpp, line 774]
Event: 0.957 Thread 0x000002835177a340 Exception <a 'java/lang/NoSuchMethodError'{0x0000000713571e10}: 'int java.lang.invoke.DirectMethodHandle$Holder.invokeStaticInit(java.lang.Object, java.lang.Object, java.lang.Object)'> (0x0000000713571e10) 
thrown [s\src\hotspot\share\interpreter\linkResolver.cpp, line 774]
Event: 0.957 Thread 0x000002835177a340 Exception <a 'java/lang/NoSuchMethodError'{0x00000007135757f0}: 'int java.lang.invoke.DirectMethodHandle$Holder.invokeStaticInit(java.lang.Object, int, int)'> (0x00000007135757f0) 
thrown [s\src\hotspot\share\interpreter\linkResolver.cpp, line 774]
Event: 0.958 Thread 0x000002835177a340 Exception <a 'java/lang/NoSuchMethodError'{0x000000071357d200}: 'int java.lang.invoke.DirectMethodHandle$Holder.invokeStaticInit(java.lang.Object, long, long)'> (0x000000071357d200) 
thrown [s\src\hotspot\share\interpreter\linkResolver.cpp, line 774]
Event: 0.959 Thread 0x000002835177a340 Exception <a 'java/lang/NoSuchMethodError'{0x0000000713583f48}: 'int java.lang.invoke.DirectMethodHandle$Holder.invokeStaticInit(java.lang.Object, float, float)'> (0x0000000713583f48) 
thrown [s\src\hotspot\share\interpreter\linkResolver.cpp, line 774]
Event: 0.960 Thread 0x000002835177a340 Exception <a 'java/lang/NoSuchMethodError'{0x000000071358ac88}: 'int java.lang.invoke.DirectMethodHandle$Holder.invokeStaticInit(java.lang.Object, double, double)'> (0x000000071358ac88) 
thrown [s\src\hotspot\share\interpreter\linkResolver.cpp, line 774]
Event: 0.960 Thread 0x000002835177a340 Exception <a 'java/lang/NoSuchMethodError'{0x000000071358f3d0}: 'int java.lang.invoke.DirectMethodHandle$Holder.invokeStatic(java.lang.Object, long)'> (0x000000071358f3d0) 
thrown [s\src\hotspot\share\interpreter\linkResolver.cpp, line 774]
Event: 0.962 Thread 0x000002835177a340 Exception <a 'java/lang/NoSuchMethodError'{0x00000007135ad7a8}: 'int java.lang.invoke.Invokers$Holder.linkToTargetMethod(java.lang.Object, java.lang.Object)'> (0x00000007135ad7a8) 
thrown [s\src\hotspot\share\interpreter\linkResolver.cpp, line 774]
Event: 0.975 Thread 0x000002835177a340 Exception <a 'java/lang/NoSuchMethodError'{0x000000071322cb30}: 'void java.lang.invoke.DirectMethodHandle$Holder.invokeVirtual(java.lang.Object, java.lang.Object)'> (0x000000071322cb30) 
thrown [s\src\hotspot\share\interpreter\linkResolver.cpp, line 774]
Event: 0.993 Thread 0x000002835177a340 Exception <a 'java/lang/NoSuchMethodError'{0x00000007132aca10}: 'int java.lang.invoke.DirectMethodHandle$Holder.invokeSpecial(java.lang.Object, java.lang.Object, java.lang.Object, java.lang.Object)'> (0x00000007132aca10) 
thrown [s\src\hotspot\share\interpreter\linkResolver.cpp, line 774]
Event: 0.996 Thread 0x000002835177a340 Exception <a 'java/lang/NoSuchMethodError'{0x00000007132be4f8}: 'java.lang.Object java.lang.invoke.DirectMethodHandle$Holder.invokeStatic(java.lang.Object, int, java.lang.Object, java.lang.Object)'> (0x00000007132be4f8) 
thrown [s\src\hotspot\share\interpreter\linkResolver.cpp, line 774]
Event: 0.996 Thread 0x000002835177a340 Exception <a 'java/lang/NoSuchMethodError'{0x00000007132c29a0}: 'java.lang.Object java.lang.invoke.DirectMethodHandle$Holder.invokeSpecial(java.lang.Object, java.lang.Object, int, java.lang.Object, java.lang.Object)'> (0x00000007132c29a0) 
thrown [s\src\hotspot\share\interpreter\linkResolver.cpp, line 774]
Event: 0.997 Thread 0x000002835177a340 Exception <a 'java/lang/NoSuchMethodError'{0x00000007132c68a0}: 'java.lang.Object java.lang.invoke.DelegatingMethodHandle$Holder.delegate(java.lang.Object, int, java.lang.Object, java.lang.Object)'> (0x00000007132c68a0) 
thrown [s\src\hotspot\share\interpreter\linkResolver.cpp, line 774]
Event: 1.000 Thread 0x000002835177a340 Exception <a 'java/lang/NoSuchMethodError'{0x00000007132d6f80}: 'int java.lang.invoke.Invokers$Holder.linkToTargetMethod(java.lang.Object, java.lang.Object, java.lang.Object)'> (0x00000007132d6f80) 
thrown [s\src\hotspot\share\interpreter\linkResolver.cpp, line 774]
Event: 1.209 Thread 0x0000028345eb1420 Exception <a 'java/lang/NoSuchMethodError'{0x0000000713a403a8}: 'long java.lang.invoke.DelegatingMethodHandle$Holder.reinvoke_L(java.lang.Object, java.lang.Object)'> (0x0000000713a403a8) 
thrown [s\src\hotspot\share\interpreter\linkResolver.cpp, line 774]

ZGC Phase Switch (0 events):
No events

VM Operations (20 events):
Event: 0.535 Executing VM operation: HandshakeAllThreads (Deoptimize) done
Event: 0.629 Executing VM operation: HandshakeAllThreads (Deoptimize)
Event: 0.629 Executing VM operation: HandshakeAllThreads (Deoptimize) done
Event: 0.735 Executing VM operation: HandshakeAllThreads (Deoptimize)
Event: 0.735 Executing VM operation: HandshakeAllThreads (Deoptimize) done
Event: 0.814 Executing VM operation: ICBufferFull
Event: 0.814 Executing VM operation: ICBufferFull done
Event: 0.860 Executing VM operation: HandshakeAllThreads (Deoptimize)
Event: 0.860 Executing VM operation: HandshakeAllThreads (Deoptimize) done
Event: 0.971 Executing VM operation: HandshakeAllThreads (Deoptimize)
Event: 0.971 Executing VM operation: HandshakeAllThreads (Deoptimize) done
Event: 1.004 Executing VM operation: HandshakeAllThreads (Deoptimize)
Event: 1.004 Executing VM operation: HandshakeAllThreads (Deoptimize) done
Event: 1.307 Executing VM operation: G1CollectForAllocation (G1 Evacuation Pause)
Event: 1.320 Executing VM operation: G1CollectForAllocation (G1 Evacuation Pause) done
Event: 1.368 Executing VM operation: G1CollectForAllocation (G1 Evacuation Pause)
Event: 1.425 Executing VM operation: G1CollectForAllocation (G1 Evacuation Pause) done
Event: 1.439 Executing VM operation: G1CollectForAllocation (G1 Evacuation Pause)
Event: 1.471 Executing VM operation: G1CollectForAllocation (G1 Evacuation Pause) done
Event: 1.483 Executing VM operation: G1CollectForAllocation (G1 Evacuation Pause)

Memory protections (0 events):
No events

Nmethod flushes (0 events):
No events

Events (20 events):
Event: 0.030 Thread 0x000002835177a340 Thread added: 0x000002834512f420
Event: 0.030 Thread 0x000002835177a340 Thread added: 0x0000028345137410
Event: 0.030 Thread 0x000002835177a340 Thread added: 0x0000028345140a10
Event: 0.030 Thread 0x000002835177a340 Thread added: 0x00000283451448b0
Event: 0.031 Thread 0x000002835177a340 Thread added: 0x00000283451469a0
Event: 0.052 Thread 0x000002835177a340 Thread added: 0x000002834524eaf0
Event: 0.056 Thread 0x00000283451469a0 Thread added: 0x0000028345276850
Event: 0.058 Thread 0x00000283451469a0 Thread added: 0x0000028345297230
Event: 0.058 Thread 0x00000283451469a0 Thread added: 0x0000028345297bf0
Event: 0.062 Thread 0x0000028345276850 Thread added: 0x00000283452dca40
Event: 0.062 Thread 0x0000028345276850 Thread added: 0x00000283452e3120
Event: 0.108 Thread 0x000002835177a340 Thread added: 0x000002834524f810
Event: 0.139 Thread 0x000002835177a340 Thread added: 0x0000028345250530
Event: 0.140 Thread 0x000002835177a340 Thread added: 0x0000028345251250
Event: 0.654 Thread 0x000002834512f420 Thread added: 0x0000028345eb0700
Event: 0.668 Thread 0x0000028345eb0700 Thread added: 0x0000028345eb1420
Event: 0.714 Thread 0x0000028345eb1420 Thread added: 0x0000028345eaf9e0
Event: 0.728 Thread 0x0000028345eb1420 Thread added: 0x0000028345eadfa0
Event: 1.320 Thread 0x00000283452e3120 Thread exited: 0x00000283452e3120
Event: 1.320 Thread 0x00000283452dca40 Thread exited: 0x00000283452dca40


Dynamic libraries:
0x00007ff70aa20000 - 0x00007ff70aa2e000 	C:\Users\kavin\.jdks\corretto-22.0.2\bin\java.exe
0x00007ff988f20000 - 0x00007ff989185000 	C:\WINDOWS\SYSTEM32\ntdll.dll
0x00007ff987ca0000 - 0x00007ff987d69000 	C:\WINDOWS\System32\KERNEL32.DLL
0x00007ff986070000 - 0x00007ff986458000 	C:\WINDOWS\System32\KERNELBASE.dll
0x00007ff986490000 - 0x00007ff9865db000 	C:\WINDOWS\System32\ucrtbase.dll
0x00007ff97fb40000 - 0x00007ff97fb5b000 	C:\Users\kavin\.jdks\corretto-22.0.2\bin\VCRUNTIME140.dll
0x00007ff97c110000 - 0x00007ff97c127000 	C:\Users\kavin\.jdks\corretto-22.0.2\bin\jli.dll
0x00007ff988360000 - 0x00007ff98852a000 	C:\WINDOWS\System32\USER32.dll
0x00007ff986460000 - 0x00007ff986487000 	C:\WINDOWS\System32\win32u.dll
0x00007ff987060000 - 0x00007ff98708b000 	C:\WINDOWS\System32\GDI32.dll
0x00007ff967c70000 - 0x00007ff967f0a000 	C:\WINDOWS\WinSxS\amd64_microsoft.windows.common-controls_6595b64144ccf1df_6.0.26100.4202_none_3e0698d4e335f517\COMCTL32.dll
0x00007ff986890000 - 0x00007ff9869c7000 	C:\WINDOWS\System32\gdi32full.dll
0x00007ff988d70000 - 0x00007ff988e19000 	C:\WINDOWS\System32\msvcrt.dll
0x00007ff9869d0000 - 0x00007ff986a73000 	C:\WINDOWS\System32\msvcp_win.dll
0x00007ff987090000 - 0x00007ff9870c0000 	C:\WINDOWS\System32\IMM32.DLL
0x00007ff97c100000 - 0x00007ff97c10c000 	C:\Users\kavin\.jdks\corretto-22.0.2\bin\vcruntime140_1.dll
0x00007ff95cce0000 - 0x00007ff95cd6d000 	C:\Users\kavin\.jdks\corretto-22.0.2\bin\msvcp140.dll
0x00007ff904190000 - 0x00007ff904f61000 	C:\Users\kavin\.jdks\corretto-22.0.2\bin\server\jvm.dll
0x00007ff987590000 - 0x00007ff987643000 	C:\WINDOWS\System32\ADVAPI32.dll
0x00007ff987150000 - 0x00007ff9871f6000 	C:\WINDOWS\System32\sechost.dll
0x00007ff987b70000 - 0x00007ff987c85000 	C:\WINDOWS\System32\RPCRT4.dll
0x00007ff9870d0000 - 0x00007ff987144000 	C:\WINDOWS\System32\WS2_32.dll
0x00007ff9827f0000 - 0x00007ff982825000 	C:\WINDOWS\SYSTEM32\WINMM.dll
0x00007ff9759a0000 - 0x00007ff9759ab000 	C:\WINDOWS\SYSTEM32\VERSION.dll
0x00007ff985ec0000 - 0x00007ff985f1e000 	C:\WINDOWS\SYSTEM32\POWRPROF.dll
0x00007ff985ea0000 - 0x00007ff985eb4000 	C:\WINDOWS\SYSTEM32\UMPDC.dll
0x00007ff984e30000 - 0x00007ff984e4b000 	C:\WINDOWS\SYSTEM32\kernel.appcore.dll
0x00007ff97c0f0000 - 0x00007ff97c0fa000 	C:\Users\kavin\.jdks\corretto-22.0.2\bin\jimage.dll
0x00007ff9840f0000 - 0x00007ff984331000 	C:\WINDOWS\SYSTEM32\DBGHELP.DLL
0x00007ff987200000 - 0x00007ff987585000 	C:\WINDOWS\System32\combase.dll
0x00007ff9876f0000 - 0x00007ff9877d1000 	C:\WINDOWS\System32\OLEAUT32.dll
0x00007ff97fba0000 - 0x00007ff97fbd9000 	C:\WINDOWS\SYSTEM32\dbgcore.DLL
0x00007ff9867f0000 - 0x00007ff986889000 	C:\WINDOWS\System32\bcryptPrimitives.dll
0x00007ff975990000 - 0x00007ff97599e000 	C:\Users\kavin\.jdks\corretto-22.0.2\bin\instrument.dll
0x00007ff97c0d0000 - 0x00007ff97c0ee000 	C:\Users\kavin\.jdks\corretto-22.0.2\bin\java.dll
0x00007ff988540000 - 0x00007ff988c82000 	C:\WINDOWS\System32\SHELL32.dll
0x00007ff9865e0000 - 0x00007ff986754000 	C:\WINDOWS\System32\wintypes.dll
0x00007ff9877e0000 - 0x00007ff98797e000 	C:\WINDOWS\System32\ole32.dll
0x00007ff9729c0000 - 0x00007ff9729d7000 	C:\Users\kavin\.jdks\corretto-22.0.2\bin\zip.dll
0x00007ff983890000 - 0x00007ff9840e8000 	C:\WINDOWS\SYSTEM32\windows.storage.dll
0x00007ff986f60000 - 0x00007ff987051000 	C:\WINDOWS\System32\SHCORE.dll
0x00007ff986cd0000 - 0x00007ff986d3a000 	C:\WINDOWS\System32\shlwapi.dll
0x00007ff985f80000 - 0x00007ff985faf000 	C:\WINDOWS\SYSTEM32\profapi.dll
0x00007ff930940000 - 0x00007ff930a17000 	C:\Users\kavin\.jdks\corretto-22.0.2\bin\jsvml.dll
0x00007ff975980000 - 0x00007ff975990000 	C:\Users\kavin\.jdks\corretto-22.0.2\bin\net.dll
0x00007ff9853a0000 - 0x00007ff98540a000 	C:\WINDOWS\system32\mswsock.dll
0x00007ff9729a0000 - 0x00007ff9729b6000 	C:\Users\kavin\.jdks\corretto-22.0.2\bin\nio.dll
0x00007ff972990000 - 0x00007ff972999000 	C:\Users\kavin\.jdks\corretto-22.0.2\bin\extnet.dll
0x00007ff9849c0000 - 0x00007ff984ae7000 	C:\WINDOWS\SYSTEM32\DNSAPI.dll
0x00007ff9848f0000 - 0x00007ff984923000 	C:\WINDOWS\SYSTEM32\IPHLPAPI.DLL
0x00007ff986cc0000 - 0x00007ff986cca000 	C:\WINDOWS\System32\NSI.dll
0x00007ff97e440000 - 0x00007ff97e44b000 	C:\Windows\System32\rasadhlp.dll
0x00007ff9805c0000 - 0x00007ff980646000 	C:\WINDOWS\System32\fwpuclnt.dll
0x00007ff970a30000 - 0x00007ff970a39000 	C:\Users\kavin\.jdks\corretto-22.0.2\bin\management.dll
0x00007ff970a20000 - 0x00007ff970a2b000 	C:\Users\kavin\.jdks\corretto-22.0.2\bin\management_ext.dll
0x00007ff988530000 - 0x00007ff988538000 	C:\WINDOWS\System32\PSAPI.DLL
0x00007ff961030000 - 0x00007ff961040000 	C:\Users\kavin\.jdks\corretto-22.0.2\bin\verify.dll
0x00007ff985650000 - 0x00007ff98566b000 	C:\WINDOWS\SYSTEM32\CRYPTSP.dll
0x00007ff984d90000 - 0x00007ff984dca000 	C:\WINDOWS\system32\rsaenh.dll
0x00007ff985440000 - 0x00007ff98546b000 	C:\WINDOWS\SYSTEM32\USERENV.dll
0x00007ff985f50000 - 0x00007ff985f76000 	C:\WINDOWS\SYSTEM32\bcrypt.dll
0x00007ff985670000 - 0x00007ff98567c000 	C:\WINDOWS\SYSTEM32\CRYPTBASE.dll
0x00007ff95e920000 - 0x00007ff95e938000 	C:\WINDOWS\system32\napinsp.dll
0x00007ff95e880000 - 0x00007ff95e892000 	C:\WINDOWS\System32\winrnr.dll
0x00007ff95e840000 - 0x00007ff95e870000 	C:\WINDOWS\system32\nlansp_c.dll
0x00007ff95e810000 - 0x00007ff95e830000 	C:\WINDOWS\system32\wshbth.dll
0x00007ff966580000 - 0x00007ff9665ce000 	C:\WINDOWS\SYSTEM32\pdh.dll
0x00007ff975550000 - 0x00007ff975562000 	C:\WINDOWS\System32\perfproc.dll
0x00007ff957a40000 - 0x00007ff957a51000 	C:\WINDOWS\System32\perfos.dll
0x00007ff984360000 - 0x00007ff984372000 	C:\WINDOWS\SYSTEM32\pfclient.dll

dbghelp: loaded successfully - version: 4.0.5 - missing functions: none
symbol engine: initialized successfully - sym options: 0x614 - pdb path: .;C:\Users\kavin\.jdks\corretto-22.0.2\bin;C:\WINDOWS\SYSTEM32;C:\WINDOWS\WinSxS\amd64_microsoft.windows.common-controls_6595b64144ccf1df_6.0.26100.4202_none_3e0698d4e335f517;C:\Users\kavin\.jdks\corretto-22.0.2\bin\server

VM Arguments:
jvm_args: -javaagent:C:\Users\kavin\AppData\Local\JetBrains\IntelliJIdea2025.1\captureAgent\debugger-agent.jar=file:///C:/Users/kavin/AppData/Local/Temp/capture11834214215373640142.props -ea -Didea.test.cyclic.buffer.size=1048576 -javaagent:C:\Program Files\JetBrains\IntelliJ IDEA 2025.1\lib\idea_rt.jar=60006 -Dkotlinx.coroutines.debug.enable.creation.stack.trace=false -Ddebugger.agent.enable.coroutines=true -Dkotlinx.coroutines.debug.enable.flows.stack.trace=true -Dkotlinx.coroutines.debug.enable.mutable.state.flows.stack.trace=true -Dfile.encoding=UTF-8 -Dsun.stdout.encoding=UTF-8 -Dsun.stderr.encoding=UTF-8 
java_command: com.intellij.rt.junit.JUnitStarter -ideVersion5 -junit5 org.kavinshah.StringCalculatorTest
java_class_path (initial): C:\Users\kavin\.m2\repository\org\junit\platform\junit-platform-launcher\6.0.0-M1\junit-platform-launcher-6.0.0-M1.jar;C:\Users\kavin\.m2\repository\org\junit\vintage\junit-vintage-engine\6.0.0-M1\junit-vintage-engine-6.0.0-M1.jar;C:\Program Files\JetBrains\IntelliJ IDEA 2025.1\lib\idea_rt.jar;C:\Program Files\JetBrains\IntelliJ IDEA 2025.1\plugins\junit\lib\junit5-rt.jar;C:\Program Files\JetBrains\IntelliJ IDEA 2025.1\plugins\junit\lib\junit-rt.jar;D:\Github\Incubyte-TDD-Assesment\IncubyteTDDAssesment\target\test-classes;D:\Github\Incubyte-TDD-Assesment\IncubyteTDDAssesment\target\classes;C:\Users\kavin\.m2\repository\junit\junit\4.13.2\junit-4.13.2.jar;C:\Users\kavin\.m2\repository\org\hamcrest\hamcrest-core\1.3\hamcrest-core-1.3.jar;C:\Users\kavin\.m2\repository\org\junit\jupiter\junit-jupiter\6.0.0-M1\junit-jupiter-6.0.0-M1.jar;C:\Users\kavin\.m2\repository\org\junit\jupiter\junit-jupiter-api\6.0.0-M1\junit-jupiter-api-6.0.0-M1.jar;C:\Users\kavin\.m2\repository\org\opentest4j\opentest4j\1.3.0\opentest4j-1.3.0.jar;C:\Users\kavin\.m2\repository\org\junit\platform\junit-platform-commons\6.0.0-M1\junit-platform-commons-6.0.0-M1.jar;C:\Users\kavin\.m2\repository\org\jspecify\jspecify\1.0.0\jspecify-1.0.0.jar;C:\Users\kavin\.m2\repository\org\apiguardian\apiguardian-api\1.1.2\apiguardian-api-1.1.2.jar;C:\Users\kavin\.m2\repository\org\junit\jupiter\junit-jupiter-params\6.0.0-M1\junit-jupiter-params-6.0.0-M1.jar;C:\Users\kavin\.m2\repository\org\junit\jupiter\junit-jupiter-engine\6.0.0-M1\junit-jupiter-engine-6.0.0-M1.jar;C:\Users\kavin\.m2\repository\org\junit\platform\junit-platform-engine\6.0.0-M1\junit-platform-engine-6.0.0-M1.jar
Launcher Type: SUN_STANDARD

[Global flags]
     intx CICompilerCount                          = 12                                        {product} {ergonomic}
     uint ConcGCThreads                            = 3                                         {product} {ergonomic}
     uint G1ConcRefinementThreads                  = 13                                        {product} {ergonomic}
   size_t G1HeapRegionSize                         = 2097152                                   {product} {ergonomic}
   size_t InitialHeapSize                          = 264241152                                 {product} {ergonomic}
   size_t MarkStackSize                            = 4194304                                   {product} {ergonomic}
   size_t MaxHeapSize                              = 4213178368                                {product} {ergonomic}
   size_t MaxNewSize                               = 2527068160                                {product} {ergonomic}
   size_t MinHeapDeltaBytes                        = 2097152                                   {product} {ergonomic}
   size_t MinHeapSize                              = 8388608                                   {product} {ergonomic}
    uintx NonNMethodCodeHeapSize                   = 7602480                                {pd product} {ergonomic}
    uintx NonProfiledCodeHeapSize                  = 122027880                              {pd product} {ergonomic}
    uintx ProfiledCodeHeapSize                     = 122027880                              {pd product} {ergonomic}
    uintx ReservedCodeCacheSize                    = 251658240                              {pd product} {ergonomic}
     bool SegmentedCodeCache                       = true                                      {product} {ergonomic}
   size_t SoftMaxHeapSize                          = 4213178368                             {manageable} {ergonomic}
     bool UseCompressedOops                        = true                           {product lp64_product} {ergonomic}
     bool UseG1GC                                  = true                                      {product} {ergonomic}
     bool UseLargePagesIndividualAllocation        = false                                  {pd product} {ergonomic}

Logging:
Log output configuration:
 #0: stdout all=warning uptime,level,tags foldmultilines=false
 #1: stderr all=off uptime,level,tags foldmultilines=false

Environment Variables:
JAVA_HOME=C:\Program Files\Java\jdk-21
PATH=C:\WINDOWS\system32;C:\WINDOWS;C:\WINDOWS\System32\Wbem;C:\WINDOWS\System32\WindowsPowerShell\v1.0\;C:\WINDOWS\System32\OpenSSH\;C:\Program Files\dotnet\;C:\MinGW\bin;C:\Program Files\Git\cmd;C:\Program Files\Microsoft SQL Server\150\Tools\Binn\;C:\Program Files\nodejs\;C:\Program Files\Microsoft SQL Server\Client SDK\ODBC\170\Tools\Binn\;C:\apache-maven-3.9.9\bin;C:\Program Files\Java\jdk-21\bin;C:\Users\kavin\AppData\Local\Programs\Python\Python312\Scripts\;C:\Users\kavin\AppData\Local\Programs\Python\Python312\;C:\Users\kavin\AppData\Local\Microsoft\WindowsApps;C:\Users\kavin\AppData\Local\Programs\Microsoft VS Code\bin;C:\Program Files\JetBrains\PyCharm Community Edition 2023.3.2\bin;;C:\Users\kavin\AppData\Roaming\npm;C:\flutter\bin;C:\Users\kavin\AppData\Local\Android\Sdk;C:\Program Files\heroku\bin;C:\MongoDB\Server\7.0\bin;C:\dart-sdk\bin;C:\Users\kavin\.dotnet\tools;C:\Program Files\JetBrains\IntelliJ IDEA Community Edition 2024.1.4\bin;;C:\Users\kavin\AppData\Local\Programs\mongosh\;;C:\Program Files\JetBrains\IntelliJ IDEA 2025.1\bin;
USERNAME=kavin
OS=Windows_NT
PROCESSOR_IDENTIFIER=Intel64 Family 6 Model 186 Stepping 2, GenuineIntel
TMP=C:\Users\kavin\AppData\Local\Temp
TEMP=C:\Users\kavin\AppData\Local\Temp




Periodic native trim disabled

---------------  S Y S T E M  ---------------

OS:
 Windows 11 , 64 bit Build 26100 (10.0.26100.4202)
OS uptime: 11 days 19:14 hours
Hyper-V role detected

CPU: total 16 (initial active 16) (8 cores per cpu, 2 threads per core) family 6 model 186 stepping 2 microcode 0x4128, cx8, cmov, fxsr, ht, mmx, 3dnowpref, sse, sse2, sse3, ssse3, sse4.1, sse4.2, popcnt, lzcnt, tsc, tscinvbit, avx, avx2, aes, erms, clmul, bmi1, bmi2, adx, sha, fma, vzeroupper, clflush, clflushopt, clwb, hv, serialize, rdtscp, rdpid, fsrm, f16c, cet_ibt, cet_ss
Processor Information for processor 0
  Max Mhz: 2200, Current Mhz: 2200, Mhz Limit: 2200
Processor Information for processor 1
  Max Mhz: 2200, Current Mhz: 2200, Mhz Limit: 2200
Processor Information for processor 2
  Max Mhz: 2200, Current Mhz: 2200, Mhz Limit: 2200
Processor Information for processor 3
  Max Mhz: 2200, Current Mhz: 2200, Mhz Limit: 2200
Processor Information for processor 4
  Max Mhz: 2200, Current Mhz: 2200, Mhz Limit: 2200
Processor Information for processor 5
  Max Mhz: 2200, Current Mhz: 2200, Mhz Limit: 2200
Processor Information for processor 6
  Max Mhz: 2200, Current Mhz: 2200, Mhz Limit: 2200
Processor Information for processor 7
  Max Mhz: 2200, Current Mhz: 2200, Mhz Limit: 2200
Processor Information for processor 8
  Max Mhz: 2200, Current Mhz: 1512, Mhz Limit: 2200
Processor Information for processor 9
  Max Mhz: 2200, Current Mhz: 1512, Mhz Limit: 2200
Processor Information for processor 10
  Max Mhz: 2200, Current Mhz: 2200, Mhz Limit: 2200
Processor Information for processor 11
  Max Mhz: 2200, Current Mhz: 1512, Mhz Limit: 2200
Processor Information for processor 12
  Max Mhz: 2200, Current Mhz: 1512, Mhz Limit: 2200
Processor Information for processor 13
  Max Mhz: 2200, Current Mhz: 1512, Mhz Limit: 2200
Processor Information for processor 14
  Max Mhz: 2200, Current Mhz: 1512, Mhz Limit: 2200
Processor Information for processor 15
  Max Mhz: 2200, Current Mhz: 1512, Mhz Limit: 2200

Memory: 4k page, system-wide physical 16068M (460M free)
TotalPageFile size 48550M (AvailPageFile size 522M)
current process WorkingSet (physical memory assigned to process): 397M, peak: 397M
current process commit charge ("private bytes"): 457M, peak: 1037M

vm_info: OpenJDK 64-Bit Server VM (22.0.2+9-FR) for windows-amd64 JRE (22.0.2+9-FR), built on 2024-07-09T01:10:09Z by "Administrator" with MS VC++ 16.10 / 16.11 (VS2019)

END.
